#-----------------------------------------------------------
# Vivado v2020.2 (64-bit)
# SW Build 3064766 on Wed Nov 18 09:12:47 MST 2020
# IP Build 3064653 on Wed Nov 18 14:17:31 MST 2020
# Start of session at: Sun Feb 26 11:29:59 2023
# Process ID: 4254
# Current directory: /home/hs/onPureRV32/work
# Command line: vivado
# Log file: /home/hs/onPureRV32/work/vivado.log
# Journal file: /home/hs/onPureRV32/work/vivado.jou
#-----------------------------------------------------------
start_gui
open_project /home/hs/onPureRV32/work/onePureRV32/onePureRV32.xpr
CRITICAL WARNING: [Project 1-19] Could not find the file '/home/hs/onPureRV32/work/onePureRV32/onePureRV32.srcs/sources_1/new/controller.v'.
CRITICAL WARNING: [Project 1-19] Could not find the file '/home/hs/onPureRV32/work/onePureRV32/onePureRV32.srcs/sources_1/new/Execute.v'.
CRITICAL WARNING: [Project 1-19] Could not find the file '/home/hs/onPureRV32/work/onePureRV32/onePureRV32.srcs/sources_1/new/MEM.v'.
Scanning sources...
Finished scanning sources
INFO: [IP_Flow 19-234] Refreshing IP repositories
INFO: [IP_Flow 19-1704] No user IP repositories specified
INFO: [IP_Flow 19-2313] Loaded Vivado IP repository '/home/hs/tool/Xilinx/Vivado/2020.2/data/ip'.
INFO: [IP_Flow 19-3899] Cannot get the environment domain name variable for the component vendor name. Setting the vendor name to 'user.org'.
open_project: Time (s): cpu = 00:00:10 ; elapsed = 00:00:07 . Memory (MB): peak = 7359.855 ; gain = 66.301 ; free physical = 2107 ; free virtual = 8581
update_compile_order -fileset sources_1
